<?xml version="1.0" encoding="UTF-8"?>
<!-- Generated by org.testng.reporters.JUnitXMLReporter -->
<testsuite hostname="PrakasHaM" name="Default test" tests="7" failures="0" timestamp="6 Apr 2021 06:06:13 GMT" time="0.06" errors="0">
  <testcase name="testData" time="0.014" classname="dataprovider.TestDataProvider1"/>
  <testcase name="testData" time="0.002" classname="dataprovider.TestDataProvider1"/>
  <testcase name="testData" time="0.001" classname="dataprovider.TestDataProvider1"/>
  <testcase name="testData" time="0.001" classname="dataprovider.TestDataProvider1"/>
  <testcase name="testData" time="0.001" classname="dataprovider.TestDataProvider1"/>
  <testcase name="testData" time="0.001" classname="dataprovider.TestDataProvider1"/>
  <testcase name="testData" time="0.001" classname="dataprovider.TestDataProvider1"/>
</testsuite> <!-- Default test -->
