<?xml version="1.0" encoding="UTF-8"?>
<testng-results skipped="0" failed="0" total="7" passed="7">
  <reporter-output>
  </reporter-output>
  <suite name="Default suite" duration-ms="60" started-at="2021-04-06T06:06:13Z" finished-at="2021-04-06T06:06:13Z">
    <groups>
    </groups>
    <test name="Default test" duration-ms="60" started-at="2021-04-06T06:06:13Z" finished-at="2021-04-06T06:06:13Z">
      <class name="dataprovider.TestDataProvider1">
        <test-method status="PASS" signature="testData(java.lang.String)[pri:0, instance:dataprovider.TestDataProvider1@50a7bc6e]" name="testData" duration-ms="14" started-at="2021-04-06T11:36:13Z" data-provider="test1" finished-at="2021-04-06T11:36:13Z">
          <params>
            <param index="0">
              <value>
                <![CDATA[admin1]]>
              </value>
            </param>
          </params>
          <reporter-output>
          </reporter-output>
        </test-method> <!-- testData -->
        <test-method status="PASS" signature="testData(java.lang.String)[pri:0, instance:dataprovider.TestDataProvider1@50a7bc6e]" name="testData" duration-ms="2" started-at="2021-04-06T11:36:13Z" data-provider="test1" finished-at="2021-04-06T11:36:13Z">
          <params>
            <param index="0">
              <value>
                <![CDATA[admin2]]>
              </value>
            </param>
          </params>
          <reporter-output>
          </reporter-output>
        </test-method> <!-- testData -->
        <test-method status="PASS" signature="testData(java.lang.String)[pri:0, instance:dataprovider.TestDataProvider1@50a7bc6e]" name="testData" duration-ms="1" started-at="2021-04-06T11:36:13Z" data-provider="test1" finished-at="2021-04-06T11:36:13Z">
          <params>
            <param index="0">
              <value>
                <![CDATA[admin3]]>
              </value>
            </param>
          </params>
          <reporter-output>
          </reporter-output>
        </test-method> <!-- testData -->
        <test-method status="PASS" signature="testData(java.lang.String)[pri:0, instance:dataprovider.TestDataProvider1@50a7bc6e]" name="testData" duration-ms="1" started-at="2021-04-06T11:36:13Z" data-provider="test1" finished-at="2021-04-06T11:36:13Z">
          <params>
            <param index="0">
              <value>
                <![CDATA[admin4]]>
              </value>
            </param>
          </params>
          <reporter-output>
          </reporter-output>
        </test-method> <!-- testData -->
        <test-method status="PASS" signature="testData(java.lang.String)[pri:0, instance:dataprovider.TestDataProvider1@50a7bc6e]" name="testData" duration-ms="1" started-at="2021-04-06T11:36:13Z" data-provider="test1" finished-at="2021-04-06T11:36:13Z">
          <params>
            <param index="0">
              <value>
                <![CDATA[admin5]]>
              </value>
            </param>
          </params>
          <reporter-output>
          </reporter-output>
        </test-method> <!-- testData -->
        <test-method status="PASS" signature="testData(java.lang.String)[pri:0, instance:dataprovider.TestDataProvider1@50a7bc6e]" name="testData" duration-ms="1" started-at="2021-04-06T11:36:13Z" data-provider="test1" finished-at="2021-04-06T11:36:13Z">
          <params>
            <param index="0">
              <value>
                <![CDATA[admin6]]>
              </value>
            </param>
          </params>
          <reporter-output>
          </reporter-output>
        </test-method> <!-- testData -->
        <test-method status="PASS" signature="testData(java.lang.String)[pri:0, instance:dataprovider.TestDataProvider1@50a7bc6e]" name="testData" duration-ms="1" started-at="2021-04-06T11:36:13Z" data-provider="test1" finished-at="2021-04-06T11:36:13Z">
          <params>
            <param index="0">
              <value>
                <![CDATA[admin7]]>
              </value>
            </param>
          </params>
          <reporter-output>
          </reporter-output>
        </test-method> <!-- testData -->
      </class> <!-- dataprovider.TestDataProvider1 -->
    </test> <!-- Default test -->
  </suite> <!-- Default suite -->
</testng-results>
