<?xml version="1.0" encoding="UTF-8"?>
<!-- Generated by org.testng.reporters.JUnitXMLReporter -->
<testsuite hostname="PrakasHaM" name="myapp" tests="3" failures="0" timestamp="26 Mar 2021 07:33:08 GMT" time="0.064" errors="0">
  <testcase name="createAcc1" time="0.024" classname="depends.TestGroupDepends"/>
  <testcase name="createAcc2" time="0.003" classname="depends.TestGroupDepends"/>
  <testcase name="accountUpdate" time="0.003" classname="depends.TestGroupDepends"/>
</testsuite> <!-- myapp -->
